<?xml version="1.0" encoding="UTF-8"?>
<robot generator="Robot 7.2.2 (Python 3.10.4 on win32)" generated="2025-04-19T15:39:30.782180" rpa="false" schemaversion="5">
<suite id="s1" name="NegativeAdmin" source="C:\Users\pitch\OneDrive\Desktop\ปี 3 เทอม 2\Uknowme\Uknowme-Lastest\Uknowme2025_\NegativeAdmin.robot">
<test id="s1-t1" name="TCI001-เข้าสู่ระบบผู้ดูแลระบบกรณีใช้ email ผิด" line="92">
<kw name="Login Admin Fail">
<kw name="Open Browser" owner="SeleniumLibrary">
<msg time="2025-04-19T15:39:31.008860" level="INFO">Opening browser 'chrome' to base url 'http://localhost/'.</msg>
<arg>${URL}</arg>
<arg>${BROWSER}</arg>
<doc>Opens a new browser instance to the optional ``url``.</doc>
<status status="PASS" start="2025-04-19T15:39:31.008322" elapsed="2.482085"/>
</kw>
<kw name="Set Selenium Speed" owner="SeleniumLibrary">
<arg>${DELAY}</arg>
<doc>Sets the delay that is waited after each Selenium command.</doc>
<status status="PASS" start="2025-04-19T15:39:33.490407" elapsed="0.000000"/>
</kw>
<kw name="Maximize Browser Window" owner="SeleniumLibrary">
<doc>Maximizes current browser window.</doc>
<status status="PASS" start="2025-04-19T15:39:33.491402" elapsed="0.091290"/>
</kw>
<kw name="Wait Until Element Is Visible" owner="SeleniumLibrary">
<arg>xpath=//button[contains(@class, 'role-button') and .//span[text()='ผู้ดูแลระบบ']]</arg>
<doc>Waits until the element ``locator`` is visible.</doc>
<status status="PASS" start="2025-04-19T15:39:33.582692" elapsed="0.024772"/>
</kw>
<kw name="Click Element" owner="SeleniumLibrary">
<msg time="2025-04-19T15:39:33.608471" level="INFO">Clicking element 'xpath=//button[contains(@class, 'role-button') and .//span[text()='ผู้ดูแลระบบ']]'.</msg>
<arg>xpath=//button[contains(@class, 'role-button') and .//span[text()='ผู้ดูแลระบบ']]</arg>
<doc>Click the element identified by ``locator``.</doc>
<status status="PASS" start="2025-04-19T15:39:33.608471" elapsed="0.096253"/>
</kw>
<kw name="Input Text" owner="SeleniumLibrary">
<msg time="2025-04-19T15:39:33.704724" level="INFO">Typing text 'AtitayasAdmin@gmail.com' into text field 'id=email-input'.</msg>
<arg>id=email-input</arg>
<arg>AtitayasAdmin@gmail.com</arg>
<doc>Types the given ``text`` into the text field identified by ``locator``.</doc>
<status status="PASS" start="2025-04-19T15:39:33.704724" elapsed="0.120637"/>
</kw>
<kw name="Input Password" owner="SeleniumLibrary">
<msg time="2025-04-19T15:39:33.825361" level="INFO">Typing password into text field 'id=password-input'.</msg>
<msg time="2025-04-19T15:39:33.855665" level="INFO">Temporally setting log level to: NONE</msg>
<arg>id=password-input</arg>
<arg>12345</arg>
<doc>Types the given password into the text field identified by ``locator``.</doc>
<status status="PASS" start="2025-04-19T15:39:33.825361" elapsed="0.076648"/>
</kw>
<kw name="Capture Step Screenshot">
<kw name="Get Current Date" owner="DateTime">
<msg time="2025-04-19T15:39:33.903016" level="INFO">${timestamp} = 20250419_153933</msg>
<var>${timestamp}</var>
<arg>result_format=%Y%m%d_%H%M%S</arg>
<doc>Returns current local or UTC time with an optional increment.</doc>
<status status="PASS" start="2025-04-19T15:39:33.903016" elapsed="0.001035"/>
</kw>
<kw name="Capture Page Screenshot" owner="SeleniumLibrary">
<msg time="2025-04-19T15:39:33.991765" level="INFO" html="true">&lt;/td&gt;&lt;/tr&gt;&lt;tr&gt;&lt;td colspan="3"&gt;&lt;a href="screenshots/admin_credentials_entered_20250419_153933.png"&gt;&lt;img src="screenshots/admin_credentials_entered_20250419_153933.png" width="800px"&gt;&lt;/a&gt;</msg>
<arg>${SCREENSHOT_DIR}/${step_name}_${timestamp}.png</arg>
<doc>Takes a screenshot of the current page and embeds it into a log file.</doc>
<status status="PASS" start="2025-04-19T15:39:33.904051" elapsed="0.088711"/>
</kw>
<arg>admin_credentials_entered</arg>
<status status="PASS" start="2025-04-19T15:39:33.903016" elapsed="0.089746"/>
</kw>
<kw name="Click Element" owner="SeleniumLibrary">
<msg time="2025-04-19T15:39:33.992762" level="INFO">Clicking element 'id=login-submit-btn'.</msg>
<arg>id=login-submit-btn</arg>
<doc>Click the element identified by ``locator``.</doc>
<status status="PASS" start="2025-04-19T15:39:33.992762" elapsed="0.058732"/>
</kw>
<kw name="Sleep" owner="BuiltIn">
<msg time="2025-04-19T15:39:37.065141" level="INFO">Slept 3 seconds.</msg>
<arg>3s</arg>
<doc>Pauses the test executed for the given time.</doc>
<status status="PASS" start="2025-04-19T15:39:34.053002" elapsed="3.012139"/>
</kw>
<status status="PASS" start="2025-04-19T15:39:30.998699" elapsed="6.066442"/>
</kw>
<kw name="Close Browser" owner="SeleniumLibrary" type="TEARDOWN">
<doc>Closes the current browser.</doc>
<status status="PASS" start="2025-04-19T15:39:37.066140" elapsed="2.241291"/>
</kw>
<status status="PASS" start="2025-04-19T15:39:30.997155" elapsed="8.310276"/>
</test>
<test id="s1-t2" name="TCI002-เข้าสู่ระบบผู้ดูแลระบบกรณีกรอกข้อมูลไม่ครบ" line="96">
<kw name="Login Admin invalid">
<kw name="Open Browser" owner="SeleniumLibrary">
<msg time="2025-04-19T15:39:39.313567" level="INFO">Opening browser 'chrome' to base url 'http://localhost/'.</msg>
<arg>${URL}</arg>
<arg>${BROWSER}</arg>
<doc>Opens a new browser instance to the optional ``url``.</doc>
<status status="PASS" start="2025-04-19T15:39:39.312570" elapsed="2.502977"/>
</kw>
<kw name="Set Selenium Speed" owner="SeleniumLibrary">
<arg>${DELAY}</arg>
<doc>Sets the delay that is waited after each Selenium command.</doc>
<status status="PASS" start="2025-04-19T15:39:41.816547" elapsed="0.000000"/>
</kw>
<kw name="Maximize Browser Window" owner="SeleniumLibrary">
<doc>Maximizes current browser window.</doc>
<status status="PASS" start="2025-04-19T15:39:41.816547" elapsed="0.075133"/>
</kw>
<kw name="Wait Until Element Is Visible" owner="SeleniumLibrary">
<arg>xpath=//button[contains(@class, 'role-button') and .//span[text()='ผู้ดูแลระบบ']]</arg>
<doc>Waits until the element ``locator`` is visible.</doc>
<status status="PASS" start="2025-04-19T15:39:41.892916" elapsed="0.018463"/>
</kw>
<kw name="Click Element" owner="SeleniumLibrary">
<msg time="2025-04-19T15:39:41.912402" level="INFO">Clicking element 'xpath=//button[contains(@class, 'role-button') and .//span[text()='ผู้ดูแลระบบ']]'.</msg>
<arg>xpath=//button[contains(@class, 'role-button') and .//span[text()='ผู้ดูแลระบบ']]</arg>
<doc>Click the element identified by ``locator``.</doc>
<status status="PASS" start="2025-04-19T15:39:41.912402" elapsed="0.090506"/>
</kw>
<kw name="Input Text" owner="SeleniumLibrary">
<msg time="2025-04-19T15:39:42.003918" level="INFO">Typing text 'AtitayaAdmin@gmail.com' into text field 'id=email-input'.</msg>
<arg>id=email-input</arg>
<arg>AtitayaAdmin@gmail.com</arg>
<doc>Types the given ``text`` into the text field identified by ``locator``.</doc>
<status status="PASS" start="2025-04-19T15:39:42.002908" elapsed="0.119628"/>
</kw>
<kw name="Click Element" owner="SeleniumLibrary">
<msg time="2025-04-19T15:39:42.122536" level="INFO">Clicking element 'id=login-submit-btn'.</msg>
<arg>id=login-submit-btn</arg>
<doc>Click the element identified by ``locator``.</doc>
<status status="PASS" start="2025-04-19T15:39:42.122536" elapsed="0.070238"/>
</kw>
<kw name="Sleep" owner="BuiltIn">
<msg time="2025-04-19T15:39:45.204010" level="INFO">Slept 3 seconds.</msg>
<arg>3s</arg>
<doc>Pauses the test executed for the given time.</doc>
<status status="PASS" start="2025-04-19T15:39:42.192774" elapsed="3.011236"/>
</kw>
<status status="PASS" start="2025-04-19T15:39:39.311570" elapsed="5.892440"/>
</kw>
<kw name="Close Browser" owner="SeleniumLibrary" type="TEARDOWN">
<doc>Closes the current browser.</doc>
<status status="PASS" start="2025-04-19T15:39:45.204010" elapsed="2.166942"/>
</kw>
<status status="PASS" start="2025-04-19T15:39:39.309492" elapsed="8.061460"/>
</test>
<test id="s1-t3" name="TCI003-เพิ่มคอร์สกรณีที่ใส่ข้อมูลคอร์สไม่ครบ" line="100">
<kw name="Login Admin">
<kw name="Open Browser" owner="SeleniumLibrary">
<msg time="2025-04-19T15:39:47.374491" level="INFO">Opening browser 'chrome' to base url 'http://localhost/'.</msg>
<arg>${URL}</arg>
<arg>${BROWSER}</arg>
<doc>Opens a new browser instance to the optional ``url``.</doc>
<status status="PASS" start="2025-04-19T15:39:47.372960" elapsed="2.290116"/>
</kw>
<kw name="Set Selenium Speed" owner="SeleniumLibrary">
<arg>${DELAY}</arg>
<doc>Sets the delay that is waited after each Selenium command.</doc>
<status status="PASS" start="2025-04-19T15:39:49.663076" elapsed="0.001004"/>
</kw>
<kw name="Maximize Browser Window" owner="SeleniumLibrary">
<doc>Maximizes current browser window.</doc>
<status status="PASS" start="2025-04-19T15:39:49.664080" elapsed="0.083356"/>
</kw>
<kw name="Capture Step Screenshot">
<kw name="Get Current Date" owner="DateTime">
<msg time="2025-04-19T15:39:49.748445" level="INFO">${timestamp} = 20250419_153949</msg>
<var>${timestamp}</var>
<arg>result_format=%Y%m%d_%H%M%S</arg>
<doc>Returns current local or UTC time with an optional increment.</doc>
<status status="PASS" start="2025-04-19T15:39:49.748445" elapsed="0.000000"/>
</kw>
<kw name="Capture Page Screenshot" owner="SeleniumLibrary">
<msg time="2025-04-19T15:39:49.924913" level="INFO" html="true">&lt;/td&gt;&lt;/tr&gt;&lt;tr&gt;&lt;td colspan="3"&gt;&lt;a href="screenshots/admin_login_start_20250419_153949.png"&gt;&lt;img src="screenshots/admin_login_start_20250419_153949.png" width="800px"&gt;&lt;/a&gt;</msg>
<arg>${SCREENSHOT_DIR}/${step_name}_${timestamp}.png</arg>
<doc>Takes a screenshot of the current page and embeds it into a log file.</doc>
<status status="PASS" start="2025-04-19T15:39:49.748445" elapsed="0.176468"/>
</kw>
<arg>admin_login_start</arg>
<status status="PASS" start="2025-04-19T15:39:49.747436" elapsed="0.177477"/>
</kw>
<kw name="Wait Until Element Is Visible" owner="SeleniumLibrary">
<arg>xpath=//button[contains(@class, 'role-button') and .//span[text()='ผู้ดูแลระบบ']]</arg>
<doc>Waits until the element ``locator`` is visible.</doc>
<status status="PASS" start="2025-04-19T15:39:49.924913" elapsed="0.016114"/>
</kw>
<kw name="Click Element" owner="SeleniumLibrary">
<msg time="2025-04-19T15:39:49.942067" level="INFO">Clicking element 'xpath=//button[contains(@class, 'role-button') and .//span[text()='ผู้ดูแลระบบ']]'.</msg>
<arg>xpath=//button[contains(@class, 'role-button') and .//span[text()='ผู้ดูแลระบบ']]</arg>
<doc>Click the element identified by ``locator``.</doc>
<status status="PASS" start="2025-04-19T15:39:49.942067" elapsed="0.096399"/>
</kw>
<kw name="Capture Step Screenshot">
<kw name="Get Current Date" owner="DateTime">
<msg time="2025-04-19T15:39:50.039473" level="INFO">${timestamp} = 20250419_153950</msg>
<var>${timestamp}</var>
<arg>result_format=%Y%m%d_%H%M%S</arg>
<doc>Returns current local or UTC time with an optional increment.</doc>
<status status="PASS" start="2025-04-19T15:39:50.038466" elapsed="0.001007"/>
</kw>
<kw name="Capture Page Screenshot" owner="SeleniumLibrary">
<msg time="2025-04-19T15:39:50.153941" level="INFO" html="true">&lt;/td&gt;&lt;/tr&gt;&lt;tr&gt;&lt;td colspan="3"&gt;&lt;a href="screenshots/admin_role_selected_20250419_153950.png"&gt;&lt;img src="screenshots/admin_role_selected_20250419_153950.png" width="800px"&gt;&lt;/a&gt;</msg>
<arg>${SCREENSHOT_DIR}/${step_name}_${timestamp}.png</arg>
<doc>Takes a screenshot of the current page and embeds it into a log file.</doc>
<status status="PASS" start="2025-04-19T15:39:50.039473" elapsed="0.114468"/>
</kw>
<arg>admin_role_selected</arg>
<status status="PASS" start="2025-04-19T15:39:50.038466" elapsed="0.115475"/>
</kw>
<kw name="Wait Until Element Is Visible" owner="SeleniumLibrary">
<arg>id=email-input</arg>
<doc>Waits until the element ``locator`` is visible.</doc>
<status status="PASS" start="2025-04-19T15:39:50.153941" elapsed="0.016030"/>
</kw>
<kw name="Input Text" owner="SeleniumLibrary">
<msg time="2025-04-19T15:39:50.169971" level="INFO">Typing text 'AtitayaAdmin@gmail.com' into text field 'id=email-input'.</msg>
<arg>id=email-input</arg>
<arg>AtitayaAdmin@gmail.com</arg>
<doc>Types the given ``text`` into the text field identified by ``locator``.</doc>
<status status="PASS" start="2025-04-19T15:39:50.169971" elapsed="0.141204"/>
</kw>
<kw name="Input Password" owner="SeleniumLibrary">
<msg time="2025-04-19T15:39:50.312181" level="INFO">Typing password into text field 'id=password-input'.</msg>
<msg time="2025-04-19T15:39:50.342757" level="INFO">Temporally setting log level to: NONE</msg>
<arg>id=password-input</arg>
<arg>1234</arg>
<doc>Types the given password into the text field identified by ``locator``.</doc>
<status status="PASS" start="2025-04-19T15:39:50.312181" elapsed="0.123982"/>
</kw>
<kw name="Capture Step Screenshot">
<kw name="Get Current Date" owner="DateTime">
<msg time="2025-04-19T15:39:50.437170" level="INFO">${timestamp} = 20250419_153950</msg>
<var>${timestamp}</var>
<arg>result_format=%Y%m%d_%H%M%S</arg>
<doc>Returns current local or UTC time with an optional increment.</doc>
<status status="PASS" start="2025-04-19T15:39:50.437170" elapsed="0.000000"/>
</kw>
<kw name="Capture Page Screenshot" owner="SeleniumLibrary">
<msg time="2025-04-19T15:39:50.538886" level="INFO" html="true">&lt;/td&gt;&lt;/tr&gt;&lt;tr&gt;&lt;td colspan="3"&gt;&lt;a href="screenshots/admin_credentials_entered_20250419_153950.png"&gt;&lt;img src="screenshots/admin_credentials_entered_20250419_153950.png" width="800px"&gt;&lt;/a&gt;</msg>
<arg>${SCREENSHOT_DIR}/${step_name}_${timestamp}.png</arg>
<doc>Takes a screenshot of the current page and embeds it into a log file.</doc>
<status status="PASS" start="2025-04-19T15:39:50.437170" elapsed="0.102733"/>
</kw>
<arg>admin_credentials_entered</arg>
<status status="PASS" start="2025-04-19T15:39:50.437170" elapsed="0.102733"/>
</kw>
<kw name="Click Element" owner="SeleniumLibrary">
<msg time="2025-04-19T15:39:50.540903" level="INFO">Clicking element 'id=login-submit-btn'.</msg>
<arg>id=login-submit-btn</arg>
<doc>Click the element identified by ``locator``.</doc>
<status status="PASS" start="2025-04-19T15:39:50.539903" elapsed="0.081552"/>
</kw>
<kw name="Wait Until Element Is Visible" owner="SeleniumLibrary">
<arg>xpath=//div[contains(@class, 'swal2-popup')]</arg>
<doc>Waits until the element ``locator`` is visible.</doc>
<status status="PASS" start="2025-04-19T15:39:50.621455" elapsed="0.072816"/>
</kw>
<kw name="Element Should Contain" owner="SeleniumLibrary">
<msg time="2025-04-19T15:39:50.801511" level="INFO" html="true">&lt;/td&gt;&lt;/tr&gt;&lt;tr&gt;&lt;td colspan="3"&gt;&lt;a href="selenium-screenshot-1.png"&gt;&lt;img src="selenium-screenshot-1.png" width="800px"&gt;&lt;/a&gt;</msg>
<msg time="2025-04-19T15:39:50.801511" level="FAIL">Element 'xpath=//h2[contains(@class, 'swal2-title')]' should have contained text 'เข้าสู่ระบบสำเร็จ!' but its text was 'เกิดข้อผิดพลาด'.</msg>
<arg>xpath=//h2[contains(@class, 'swal2-title')]</arg>
<arg>เข้าสู่ระบบสำเร็จ!</arg>
<doc>Verifies that element ``locator`` contains text ``expected``.</doc>
<status status="FAIL" start="2025-04-19T15:39:50.694271" elapsed="0.108746">Element 'xpath=//h2[contains(@class, 'swal2-title')]' should have contained text 'เข้าสู่ระบบสำเร็จ!' but its text was 'เกิดข้อผิดพลาด'.</status>
</kw>
<kw name="Capture Step Screenshot">
<arg>admin_login_success</arg>
<status status="NOT RUN" start="2025-04-19T15:39:50.803017" elapsed="0.001008"/>
</kw>
<status status="FAIL" start="2025-04-19T15:39:47.372960" elapsed="3.431065">Element 'xpath=//h2[contains(@class, 'swal2-title')]' should have contained text 'เข้าสู่ระบบสำเร็จ!' but its text was 'เกิดข้อผิดพลาด'.</status>
</kw>
<kw name="DashboardAdmin">
<status status="NOT RUN" start="2025-04-19T15:39:50.804025" elapsed="0.000000"/>
</kw>
<kw name="Wait Until Element Is Visible" owner="SeleniumLibrary">
<arg>id=courses-link</arg>
<doc>Waits until the element ``locator`` is visible.</doc>
<status status="NOT RUN" start="2025-04-19T15:39:50.805025" elapsed="0.000000"/>
</kw>
<kw name="Click Element" owner="SeleniumLibrary">
<arg>id=courses-link</arg>
<doc>Click the element identified by ``locator``.</doc>
<status status="NOT RUN" start="2025-04-19T15:39:50.805025" elapsed="0.000000"/>
</kw>
<kw name="Wait Until Element Is Visible" owner="SeleniumLibrary">
<arg>id=add-course-btn</arg>
<doc>Waits until the element ``locator`` is visible.</doc>
<status status="NOT RUN" start="2025-04-19T15:39:50.805025" elapsed="0.000000"/>
</kw>
<kw name="Click Element" owner="SeleniumLibrary">
<arg>id=add-course-btn</arg>
<doc>Click the element identified by ``locator``.</doc>
<status status="NOT RUN" start="2025-04-19T15:39:50.805025" elapsed="0.000000"/>
</kw>
<kw name="Input Text" owner="SeleniumLibrary">
<arg>id=duration_hours-upload-popup</arg>
<arg>1</arg>
<doc>Types the given ``text`` into the text field identified by ``locator``.</doc>
<status status="NOT RUN" start="2025-04-19T15:39:50.805025" elapsed="0.000000"/>
</kw>
<kw name="Input Text" owner="SeleniumLibrary">
<arg>id=max_seats-upload-popup</arg>
<arg>20</arg>
<doc>Types the given ``text`` into the text field identified by ``locator``.</doc>
<status status="NOT RUN" start="2025-04-19T15:39:50.805025" elapsed="0.000000"/>
</kw>
<kw name="Input Text" owner="SeleniumLibrary">
<arg>id=start_date-upload-popup</arg>
<arg>10102025</arg>
<doc>Types the given ``text`` into the text field identified by ``locator``.</doc>
<status status="NOT RUN" start="2025-04-19T15:39:50.806024" elapsed="0.000000"/>
</kw>
<kw name="Choose File" owner="SeleniumLibrary">
<arg>id=thumbnail-upload-popup</arg>
<arg>C:\\Users\\pitch\\OneDrive\\Desktop\\ปี 3 เทอม 2\\Uknowme\\Uknowme-Lastest\\Uknowme2025_/image/download.jpg</arg>
<doc>Inputs the ``file_path`` into the file input field ``locator``.</doc>
<status status="NOT RUN" start="2025-04-19T15:39:50.806024" elapsed="0.000000"/>
</kw>
<kw name="Choose File" owner="SeleniumLibrary">
<arg>id=video-upload-popup</arg>
<arg>C:\\Users\\pitch\\OneDrive\\Desktop\\ปี 3 เทอม 2\\Uknowme\\Uknowme-Lastest\\Uknowme2025_/image/12607801_1920_1080_30fps.mp4</arg>
<doc>Inputs the ``file_path`` into the file input field ``locator``.</doc>
<status status="NOT RUN" start="2025-04-19T15:39:50.806024" elapsed="0.000000"/>
</kw>
<kw name="Choose File" owner="SeleniumLibrary">
<arg>id=qr_code-upload-popup</arg>
<arg>C:\\Users\\pitch\\OneDrive\\Desktop\\ปี 3 เทอม 2\\Uknowme\\Uknowme-Lastest\\Uknowme2025_/image/download.jpg</arg>
<doc>Inputs the ``file_path`` into the file input field ``locator``.</doc>
<status status="NOT RUN" start="2025-04-19T15:39:50.806024" elapsed="0.000000"/>
</kw>
<kw name="Wait Until Element Is Visible" owner="SeleniumLibrary">
<arg>id=upload-btn-upload-popup</arg>
<doc>Waits until the element ``locator`` is visible.</doc>
<status status="NOT RUN" start="2025-04-19T15:39:50.806024" elapsed="0.000000"/>
</kw>
<kw name="Click Element" owner="SeleniumLibrary">
<arg>id=upload-btn-upload-popup</arg>
<doc>Click the element identified by ``locator``.</doc>
<status status="NOT RUN" start="2025-04-19T15:39:50.806024" elapsed="0.000000"/>
</kw>
<kw name="Sleep" owner="BuiltIn">
<arg>5s</arg>
<doc>Pauses the test executed for the given time.</doc>
<status status="NOT RUN" start="2025-04-19T15:39:50.807532" elapsed="0.000000"/>
</kw>
<kw name="Close Browser" owner="SeleniumLibrary" type="TEARDOWN">
<doc>Closes the current browser.</doc>
<status status="PASS" start="2025-04-19T15:39:50.807532" elapsed="2.138768"/>
</kw>
<status status="FAIL" start="2025-04-19T15:39:47.371960" elapsed="5.574340">Element 'xpath=//h2[contains(@class, 'swal2-title')]' should have contained text 'เข้าสู่ระบบสำเร็จ!' but its text was 'เกิดข้อผิดพลาด'.</status>
</test>
<status status="FAIL" start="2025-04-19T15:39:30.784185" elapsed="22.162115"/>
</suite>
<statistics>
<total>
<stat pass="2" fail="1" skip="0">All Tests</stat>
</total>
<tag>
</tag>
<suite>
<stat name="NegativeAdmin" id="s1" pass="2" fail="1" skip="0">NegativeAdmin</stat>
</suite>
</statistics>
<errors>
</errors>
</robot>
